app/build/intermediates/manifest_merge_blame_file/release/processReleaseMainManifest/manifest-merger-blame-release-report.txt
1<?xml version="1.0" encoding="utf-8"?>
2<manifest xmlns:android="http://schemas.android.com/apk/res/android"
3    package="com.example.myapp"
4    android:versionCode="1"
5    android:versionName="1.0" >
6
7    <uses-sdk
8        android:minSdkVersion="29"
9        android:targetSdkVersion="35" />
10
11    <uses-permission android:name="android.permission.BLUETOOTH" />
11-->src/main/AndroidManifest.xml:5:5-68
11-->src/main/AndroidManifest.xml:5:22-65
12    <uses-permission android:name="android.permission.BLUETOOTH_CONNECT" />
12-->src/main/AndroidManifest.xml:6:5-76
12-->src/main/AndroidManifest.xml:6:22-73
13    <uses-permission android:name="android.permission.INTERNET" />
13-->src/main/AndroidManifest.xml:7:5-67
13-->src/main/AndroidManifest.xml:7:22-64
14    <uses-permission android:name="android.permission.FOREGROUND_SERVICE" />
14-->src/main/AndroidManifest.xml:8:5-77
14-->src/main/AndroidManifest.xml:8:22-74
15    <uses-permission android:name="android.permission.FOREGROUND_SERVICE_CAMERA" />
15-->src/main/AndroidManifest.xml:9:5-84
15-->src/main/AndroidManifest.xml:9:22-81
16    <uses-permission android:name="android.permission.FOREGROUND_SERVICE_MICROPHONE" />
16-->src/main/AndroidManifest.xml:10:5-88
16-->src/main/AndroidManifest.xml:10:22-85
17    <uses-permission android:name="android.permission.FOREGROUND_SERVICE_MEDIA_PLAYBACK" />
17-->src/main/AndroidManifest.xml:11:5-92
17-->src/main/AndroidManifest.xml:11:22-89
18    <uses-permission android:name="android.permission.CAMERA" />
18-->src/main/AndroidManifest.xml:12:5-65
18-->src/main/AndroidManifest.xml:12:22-62
19    <uses-permission android:name="android.permission.RECORD_AUDIO" />
19-->src/main/AndroidManifest.xml:13:5-71
19-->src/main/AndroidManifest.xml:13:22-68
20
21    <uses-feature
21-->src/main/AndroidManifest.xml:15:5-85
22        android:name="android.hardware.camera"
22-->src/main/AndroidManifest.xml:15:19-57
23        android:required="false" />
23-->src/main/AndroidManifest.xml:15:58-82
24    <uses-feature
24-->src/main/AndroidManifest.xml:16:5-89
25        android:name="android.hardware.microphone"
25-->src/main/AndroidManifest.xml:16:19-61
26        android:required="false" />
26-->src/main/AndroidManifest.xml:16:62-86
27
28    <queries>
28-->[com.meta.wearable:mwdat-core:0.8.0] AndroidManifest.xml:15:5-18:15
29        <package android:name="com.facebook.stella" />
29-->[com.meta.wearable:mwdat-core:0.8.0] AndroidManifest.xml:16:9-55
29-->[com.meta.wearable:mwdat-core:0.8.0] AndroidManifest.xml:16:18-52
30        <package android:name="com.facebook.stella_debug" />
30-->[com.meta.wearable:mwdat-core:0.8.0] AndroidManifest.xml:17:9-61
30-->[com.meta.wearable:mwdat-core:0.8.0] AndroidManifest.xml:17:18-58
31    </queries>
32
33    <permission
33-->[androidx.core:core:1.16.0] AndroidManifest.xml:22:5-24:47
34        android:name="com.example.myapp.DYNAMIC_RECEIVER_NOT_EXPORTED_PERMISSION"
34-->[androidx.core:core:1.16.0] AndroidManifest.xml:23:9-81
35        android:protectionLevel="signature" />
35-->[androidx.core:core:1.16.0] AndroidManifest.xml:24:9-44
36
37    <uses-permission android:name="com.example.myapp.DYNAMIC_RECEIVER_NOT_EXPORTED_PERMISSION" />
37-->[androidx.core:core:1.16.0] AndroidManifest.xml:26:5-97
37-->[androidx.core:core:1.16.0] AndroidManifest.xml:26:22-94
38
39    <application
39-->src/main/AndroidManifest.xml:18:5-54:19
40        android:name="com.example.myapp.MyApplication"
40-->src/main/AndroidManifest.xml:19:9-38
41        android:allowBackup="true"
41-->src/main/AndroidManifest.xml:20:9-35
42        android:appComponentFactory="androidx.core.app.CoreComponentFactory"
42-->[androidx.core:core:1.16.0] AndroidManifest.xml:28:18-86
43        android:extractNativeLibs="true"
44        android:label="Quinn Camera"
44-->src/main/AndroidManifest.xml:21:9-37
45        android:supportsRtl="true" >
45-->src/main/AndroidManifest.xml:22:9-35
46        <meta-data
47            android:name="com.meta.wearable.mwdat.APPLICATION_ID"
47-->src/main/AndroidManifest.xml:25:13-66
48            android:value="0" />
48-->src/main/AndroidManifest.xml:26:13-52
49        <meta-data
50            android:name="com.meta.wearable.mwdat.CLIENT_TOKEN"
50-->src/main/AndroidManifest.xml:28:13-64
51            android:value="0" />
51-->src/main/AndroidManifest.xml:29:13-50
52        <meta-data
52-->src/main/AndroidManifest.xml:30:9-32:36
53            android:name="com.meta.wearable.mwdat.DAM_ENABLED"
53-->src/main/AndroidManifest.xml:31:13-63
54            android:value="true" />
54-->src/main/AndroidManifest.xml:32:13-33
55
56        <service
56-->src/main/AndroidManifest.xml:34:9-38:79
57            android:name="com.example.myapp.WearableStreamingService"
57-->src/main/AndroidManifest.xml:35:13-53
58            android:enabled="true"
58-->src/main/AndroidManifest.xml:36:13-35
59            android:exported="false"
59-->src/main/AndroidManifest.xml:37:13-37
60            android:foregroundServiceType="camera|microphone|mediaPlayback" />
60-->src/main/AndroidManifest.xml:38:13-76
61
62        <activity
62-->src/main/AndroidManifest.xml:40:9-53:20
63            android:name="com.example.myapp.MainActivity"
63-->src/main/AndroidManifest.xml:41:13-41
64            android:exported="true" >
64-->src/main/AndroidManifest.xml:42:13-36
65            <intent-filter>
65-->src/main/AndroidManifest.xml:43:13-46:29
66                <action android:name="android.intent.action.MAIN" />
66-->src/main/AndroidManifest.xml:44:17-69
66-->src/main/AndroidManifest.xml:44:25-66
67
68                <category android:name="android.intent.category.LAUNCHER" />
68-->src/main/AndroidManifest.xml:45:17-77
68-->src/main/AndroidManifest.xml:45:27-74
69            </intent-filter>
70            <intent-filter>
70-->src/main/AndroidManifest.xml:47:13-52:29
71                <action android:name="android.intent.action.VIEW" />
71-->src/main/AndroidManifest.xml:48:17-69
71-->src/main/AndroidManifest.xml:48:25-66
72
73                <category android:name="android.intent.category.DEFAULT" />
73-->src/main/AndroidManifest.xml:49:17-76
73-->src/main/AndroidManifest.xml:49:27-73
74                <category android:name="android.intent.category.BROWSABLE" />
74-->src/main/AndroidManifest.xml:50:17-78
74-->src/main/AndroidManifest.xml:50:27-75
75
76                <data android:scheme="lyriacamera" />
76-->src/main/AndroidManifest.xml:51:17-54
76-->src/main/AndroidManifest.xml:51:23-51
77            </intent-filter>
78        </activity>
79
80        <service
80-->[com.meta.wearable:mwdat-core:0.8.0] AndroidManifest.xml:21:9-29:19
81            android:name="com.meta.wearable.acdc.sdk.service.ACDCRegistrationService"
81-->[com.meta.wearable:mwdat-core:0.8.0] AndroidManifest.xml:22:13-86
82            android:exported="true" >
82-->[com.meta.wearable:mwdat-core:0.8.0] AndroidManifest.xml:23:13-36
83            <intent-filter>
83-->[com.meta.wearable:mwdat-core:0.8.0] AndroidManifest.xml:24:13-28:29
84                <action android:name="com.meta.wearable.acdc.sdk.service.ACDCRegistrationService.BIND" />
84-->[com.meta.wearable:mwdat-core:0.8.0] AndroidManifest.xml:25:17-106
84-->[com.meta.wearable:mwdat-core:0.8.0] AndroidManifest.xml:25:25-103
85
86                <category android:name="android.intent.category.DEFAULT" />
86-->src/main/AndroidManifest.xml:49:17-76
86-->src/main/AndroidManifest.xml:49:27-73
87            </intent-filter>
88        </service>
89
90        <provider
90-->[androidx.profileinstaller:profileinstaller:1.4.0] AndroidManifest.xml:24:9-32:20
91            android:name="androidx.startup.InitializationProvider"
91-->[androidx.profileinstaller:profileinstaller:1.4.0] AndroidManifest.xml:25:13-67
92            android:authorities="com.example.myapp.androidx-startup"
92-->[androidx.profileinstaller:profileinstaller:1.4.0] AndroidManifest.xml:26:13-68
93            android:exported="false" >
93-->[androidx.profileinstaller:profileinstaller:1.4.0] AndroidManifest.xml:27:13-37
94            <meta-data
94-->[androidx.profileinstaller:profileinstaller:1.4.0] AndroidManifest.xml:29:13-31:52
95                android:name="androidx.profileinstaller.ProfileInstallerInitializer"
95-->[androidx.profileinstaller:profileinstaller:1.4.0] AndroidManifest.xml:30:17-85
96                android:value="androidx.startup" />
96-->[androidx.profileinstaller:profileinstaller:1.4.0] AndroidManifest.xml:31:17-49
97        </provider>
98
99        <receiver
99-->[androidx.profileinstaller:profileinstaller:1.4.0] AndroidManifest.xml:34:9-52:20
100            android:name="androidx.profileinstaller.ProfileInstallReceiver"
100-->[androidx.profileinstaller:profileinstaller:1.4.0] AndroidManifest.xml:35:13-76
101            android:directBootAware="false"
101-->[androidx.profileinstaller:profileinstaller:1.4.0] AndroidManifest.xml:36:13-44
102            android:enabled="true"
102-->[androidx.profileinstaller:profileinstaller:1.4.0] AndroidManifest.xml:37:13-35
103            android:exported="true"
103-->[androidx.profileinstaller:profileinstaller:1.4.0] AndroidManifest.xml:38:13-36
104            android:permission="android.permission.DUMP" >
104-->[androidx.profileinstaller:profileinstaller:1.4.0] AndroidManifest.xml:39:13-57
105            <intent-filter>
105-->[androidx.profileinstaller:profileinstaller:1.4.0] AndroidManifest.xml:40:13-42:29
106                <action android:name="androidx.profileinstaller.action.INSTALL_PROFILE" />
106-->[androidx.profileinstaller:profileinstaller:1.4.0] AndroidManifest.xml:41:17-91
106-->[androidx.profileinstaller:profileinstaller:1.4.0] AndroidManifest.xml:41:25-88
107            </intent-filter>
108            <intent-filter>
108-->[androidx.profileinstaller:profileinstaller:1.4.0] AndroidManifest.xml:43:13-45:29
109                <action android:name="androidx.profileinstaller.action.SKIP_FILE" />
109-->[androidx.profileinstaller:profileinstaller:1.4.0] AndroidManifest.xml:44:17-85
109-->[androidx.profileinstaller:profileinstaller:1.4.0] AndroidManifest.xml:44:25-82
110            </intent-filter>
111            <intent-filter>
111-->[androidx.profileinstaller:profileinstaller:1.4.0] AndroidManifest.xml:46:13-48:29
112                <action android:name="androidx.profileinstaller.action.SAVE_PROFILE" />
112-->[androidx.profileinstaller:profileinstaller:1.4.0] AndroidManifest.xml:47:17-88
112-->[androidx.profileinstaller:profileinstaller:1.4.0] AndroidManifest.xml:47:25-85
113            </intent-filter>
114            <intent-filter>
114-->[androidx.profileinstaller:profileinstaller:1.4.0] AndroidManifest.xml:49:13-51:29
115                <action android:name="androidx.profileinstaller.action.BENCHMARK_OPERATION" />
115-->[androidx.profileinstaller:profileinstaller:1.4.0] AndroidManifest.xml:50:17-95
115-->[androidx.profileinstaller:profileinstaller:1.4.0] AndroidManifest.xml:50:25-92
116            </intent-filter>
117        </receiver>
118
119        <meta-data
119-->[com.facebook.soloader:soloader:0.12.1] AndroidManifest.xml:12:9-14:37
120            android:name="com.facebook.soloader.enabled"
120-->[com.facebook.soloader:soloader:0.12.1] AndroidManifest.xml:13:13-57
121            android:value="false" />
121-->[com.facebook.soloader:soloader:0.12.1] AndroidManifest.xml:14:13-34
122    </application>
123
124</manifest>